2018-10-23 08:28:31 +0000  Initial pipeline context: <IDEDistributionProcessingPipelineContext: 0x7fcba654e1e0; archive(resolved)='<IDEArchive: 0x7fcba55215a0>', distributionTask(resolved)='2', distributionDestination(resolved)='2', distributionMethod(resolved)='<IDEDistributionMethodiOSAppStoreDistribution: 0x7fcba52a9f10>', team(resolved)='<IDEProvisioningDisambiguatableBasicTeam: 0x7fcba0631ec0; teamID='2PYNZAUK77', teamName='Ananay Arora', teamType='Individual', username='i@ananayarora.com', isFreeProvisioningTeam='0'>'>
	Chain (13, self inclusive):
	<IDEDistributionProcessingPipelineContext: 0x7fcba654e1e0; archive = '<IDEArchive: 0x7fcba55215a0>', distributionMethod='<IDEDistributionMethodiOSAppStoreDistribution: 0x7fcba52a9f10>', team='<IDEProvisioningDisambiguatableBasicTeam: 0x7fcba0631ec0; teamID='2PYNZAUK77', teamName='Ananay Arora', teamType='Individual', username='i@ananayarora.com', isFreeProvisioningTeam='0'>'>
	<IDEDistributionProcessingPipelineContext: 0x7fcba660cba0; archive = '<IDEArchive: 0x7fcba55215a0>', distributionMethod='<IDEDistributionMethodiOSAppStoreDistribution: 0x7fcba52a9f10>', team='<IDEProvisioningDisambiguatableBasicTeam: 0x7fcba0631ec0; teamID='2PYNZAUK77', teamName='Ananay Arora', teamType='Individual', username='i@ananayarora.com', isFreeProvisioningTeam='0'>'>
	<IDEDistributionContext: 0x7fcba6480610; archive = '<IDEArchive: 0x7fcba55215a0>', distributionMethod='<IDEDistributionMethodiOSAppStoreDistribution: 0x7fcba52a9f10>', team='<IDEProvisioningDisambiguatableBasicTeam: 0x7fcba0631ec0; teamID='2PYNZAUK77', teamName='Ananay Arora', teamType='Individual', username='i@ananayarora.com', isFreeProvisioningTeam='0'>'>
	<IDEDistributionContext: 0x7fcba63ba7b0; archive = '<IDEArchive: 0x7fcba55215a0>', distributionMethod='<IDEDistributionMethodiOSAppStoreDistribution: 0x7fcba52a9f10>', team='<IDEProvisioningDisambiguatableBasicTeam: 0x7fcba0631ec0; teamID='2PYNZAUK77', teamName='Ananay Arora', teamType='Individual', username='i@ananayarora.com', isFreeProvisioningTeam='0'>'>
	<IDEDistributionContext: 0x7fcba619cf30; archive = '<IDEArchive: 0x7fcba55215a0>', distributionMethod='<IDEDistributionMethodiOSAppStoreDistribution: 0x7fcba52a9f10>', team='<IDEProvisioningDisambiguatableBasicTeam: 0x7fcba0631ec0; teamID='2PYNZAUK77', teamName='Ananay Arora', teamType='Individual', username='i@ananayarora.com', isFreeProvisioningTeam='0'>'>
	<IDEDistributionContext: 0x7fcba63b2390; archive = '<IDEArchive: 0x7fcba55215a0>', distributionMethod='<IDEDistributionMethodiOSAppStoreDistribution: 0x7fcba52a9f10>', team='<IDEProvisioningDisambiguatableBasicTeam: 0x7fcba0631ec0; teamID='2PYNZAUK77', teamName='Ananay Arora', teamType='Individual', username='i@ananayarora.com', isFreeProvisioningTeam='0'>'>
	<IDEDistributionContext: 0x7fcba640ab60; archive = '<IDEArchive: 0x7fcba55215a0>', distributionMethod='<IDEDistributionMethodiOSAppStoreDistribution: 0x7fcba52a9f10>', team='<IDEProvisioningDisambiguatableBasicTeam: 0x7fcba0631ec0; teamID='2PYNZAUK77', teamName='Ananay Arora', teamType='Individual', username='i@ananayarora.com', isFreeProvisioningTeam='0'>'>
	<IDEDistributionContext: 0x7fcba647d500; archive = '<IDEArchive: 0x7fcba55215a0>', distributionMethod='<IDEDistributionMethodiOSAppStoreDistribution: 0x7fcba52a9f10>', team='<IDEProvisioningDisambiguatableBasicTeam: 0x7fcba0631ec0; teamID='2PYNZAUK77', teamName='Ananay Arora', teamType='Individual', username='i@ananayarora.com', isFreeProvisioningTeam='0'>'>
	<IDEDistributionContext: 0x7fcba64240e0; archive = '<IDEArchive: 0x7fcba55215a0>', distributionMethod='<IDEDistributionMethodiOSAppStoreDistribution: 0x7fcba52a9f10>', team='<IDEProvisioningDisambiguatableBasicTeam: 0x7fcba0631ec0; teamID='2PYNZAUK77', teamName='Ananay Arora', teamType='Individual', username='i@ananayarora.com', isFreeProvisioningTeam='0'>'>
	<IDEDistributionContext: 0x7fcba648fb30; archive = '<IDEArchive: 0x7fcba55215a0>', distributionMethod='<IDEDistributionMethodiOSAppStoreDistribution: 0x7fcba52a9f10>', team='<IDEProvisioningDisambiguatableBasicTeam: 0x7fcba0631ec0; teamID='2PYNZAUK77', teamName='Ananay Arora', teamType='Individual', username='i@ananayarora.com', isFreeProvisioningTeam='0'>'>
	<IDEDistributionContext: 0x7fcba638eae0; archive = '<IDEArchive: 0x7fcba55215a0>', distributionMethod='<IDEDistributionMethodiOSAppStoreDistribution: 0x7fcba52a9f10>', team='(null)'>
	<IDEDistributionContext: 0x7fcba6394750; archive = '<IDEArchive: 0x7fcba55215a0>', distributionMethod='<IDEDistributionMethodiOSAppStoreDistribution: 0x7fcba52a9f10>', team='(null)'>
	<IDEDistributionContext: 0x7fcba6346e20; archive = '<IDEArchive: 0x7fcba55215a0>', distributionMethod='(null)', team='(null)'>
</IDEDistributionProcessingPipelineContext: 0x7fcba654e1e0>
2018-10-23 08:28:31 +0000  Processing step: IDEDistributionCreateDestRootStep
2018-10-23 08:28:31 +0000  Processing step: IDEDistributionCopyItemStep
2018-10-23 08:28:31 +0000  Running /usr/bin/ditto '-V' '/Users/shreejeetpatil/Library/Developer/Xcode/Archives/2018-10-23/exun2018 23-10-18, 1.25 AM.xcarchive/Products/Applications/exun2018.app' '/var/folders/xc/y7f7d2qn1vs7qr0r73vlkbmh0000gn/T/XcodeDistPipeline.keA/Root/Payload/exun2018.app'
2018-10-23 08:28:31 +0000  >>> Copying /Users/shreejeetpatil/Library/Developer/Xcode/Archives/2018-10-23/exun2018 23-10-18, 1.25 AM.xcarchive/Products/Applications/exun2018.app 
2018-10-23 08:28:31 +0000  copying file ./_CodeSignature/CodeResources ... 
2018-10-23 08:28:31 +0000  12989 bytes for ./_CodeSignature/CodeResources
2018-10-23 08:28:31 +0000  copying file ./Octicons.ttf ... 
2018-10-23 08:28:31 +0000  27440 bytes for ./Octicons.ttf
copying file ./Feather.ttf ... 
2018-10-23 08:28:31 +0000  65112 bytes for ./Feather.ttf
copying file ./AppIcon20x20@2x.png ... 
2018-10-23 08:28:31 +0000  2164 bytes for ./AppIcon20x20@2x.png
copying file ./Entypo.ttf ... 
2018-10-23 08:28:31 +0000  65584 bytes for ./Entypo.ttf
2018-10-23 08:28:31 +0000  copying file ./AppIcon20x20@3x.png ... 
2018-10-23 08:28:31 +0000  3700 bytes for ./AppIcon20x20@3x.png
copying file ./exun2018 ... 
2018-10-23 08:28:31 +0000  36442816 bytes for ./exun2018
2018-10-23 08:28:31 +0000  copying file ./FontAwesome5_Brands.ttf ... 
2018-10-23 08:28:31 +0000  118324 bytes for ./FontAwesome5_Brands.ttf
2018-10-23 08:28:31 +0000  copying file ./MaterialCommunityIcons.ttf ... 
2018-10-23 08:28:31 +0000  416816 bytes for ./MaterialCommunityIcons.ttf
2018-10-23 08:28:31 +0000  copying file ./AppIcon60x60@2x.png ... 
2018-10-23 08:28:31 +0000  10226 bytes for ./AppIcon60x60@2x.png
2018-10-23 08:28:31 +0000  copying file ./AppIcon29x29@2x.png ... 
2018-10-23 08:28:31 +0000  3472 bytes for ./AppIcon29x29@2x.png
copying file ./AntDesign.ttf ... 
2018-10-23 08:28:31 +0000  70344 bytes for ./AntDesign.ttf
2018-10-23 08:28:31 +0000  copying file ./AppIcon40x40@3x.png ... 
2018-10-23 08:28:31 +0000  10226 bytes for ./AppIcon40x40@3x.png
2018-10-23 08:28:31 +0000  copying file ./Foundation.ttf ... 
2018-10-23 08:28:31 +0000  56976 bytes for ./Foundation.ttf
copying file ./Ionicons.ttf ... 
2018-10-23 08:28:31 +0000  112472 bytes for ./Ionicons.ttf
2018-10-23 08:28:31 +0000  copying file ./FontAwesome5_Solid.ttf ... 
2018-10-23 08:28:31 +0000  180500 bytes for ./FontAwesome5_Solid.ttf
copying file ./AppIcon40x40@2x.png ... 
2018-10-23 08:28:31 +0000  5633 bytes for ./AppIcon40x40@2x.png
copying file ./FontAwesome5_Regular.ttf ... 
2018-10-23 08:28:31 +0000  40348 bytes for ./FontAwesome5_Regular.ttf
2018-10-23 08:28:31 +0000  copying file ./AppIcon29x29@3x.png ... 
2018-10-23 08:28:31 +0000  6394 bytes for ./AppIcon29x29@3x.png
copying file ./AppIcon60x60@3x.png ... 
2018-10-23 08:28:31 +0000  19644 bytes for ./AppIcon60x60@3x.png
2018-10-23 08:28:31 +0000  copying file ./Base.lproj/LaunchScreen.nib ... 
2018-10-23 08:28:31 +0000  1184 bytes for ./Base.lproj/LaunchScreen.nib
2018-10-23 08:28:31 +0000  copying file ./FontAwesome.ttf ... 
2018-10-23 08:28:31 +0000  165548 bytes for ./FontAwesome.ttf
copying file ./Zocial.ttf ... 
2018-10-23 08:28:31 +0000  25552 bytes for ./Zocial.ttf
copying file ./Assets.car ... 
2018-10-23 08:28:31 +0000  107896 bytes for ./Assets.car
2018-10-23 08:28:31 +0000  copying file ./EvilIcons.ttf ... 
2018-10-23 08:28:31 +0000  13456 bytes for ./EvilIcons.ttf
copying file ./logo.png ... 
2018-10-23 08:28:31 +0000  32969 bytes for ./logo.png
copying file ./main.jsbundle ... 
2018-10-23 08:28:31 +0000  1319327 bytes for ./main.jsbundle
2018-10-23 08:28:31 +0000  copying file ./SimpleLineIcons.ttf ... 
2018-10-23 08:28:31 +0000  54056 bytes for ./SimpleLineIcons.ttf
copying file ./embedded.mobileprovision ... 
2018-10-23 08:28:31 +0000  9957 bytes for ./embedded.mobileprovision
2018-10-23 08:28:31 +0000  copying file ./assets/node_modules/react-navigation-stack/dist/views/assets/back-icon@3x.png ... 
2018-10-23 08:28:31 +0000  761 bytes for ./assets/node_modules/react-navigation-stack/dist/views/assets/back-icon@3x.png
copying file ./assets/node_modules/react-navigation-stack/dist/views/assets/back-icon@2x.png ... 
2018-10-23 08:28:31 +0000  405 bytes for ./assets/node_modules/react-navigation-stack/dist/views/assets/back-icon@2x.png
copying file ./assets/node_modules/react-navigation-stack/dist/views/assets/back-icon.png ... 
2018-10-23 08:28:31 +0000  290 bytes for ./assets/node_modules/react-navigation-stack/dist/views/assets/back-icon.png
2018-10-23 08:28:31 +0000  copying file ./assets/node_modules/react-navigation-stack/dist/views/assets/back-icon-mask.png ... 
2018-10-23 08:28:31 +0000  659 bytes for ./assets/node_modules/react-navigation-stack/dist/views/assets/back-icon-mask.png
2018-10-23 08:28:31 +0000  copying file ./assets/assets/images/athena.png ... 
2018-10-23 08:28:31 +0000  13460 bytes for ./assets/assets/images/athena.png
copying file ./assets/assets/images/unirely.png ... 
2018-10-23 08:28:31 +0000  28702 bytes for ./assets/assets/images/unirely.png
2018-10-23 08:28:31 +0000  copying file ./assets/assets/images/logo.png ... 
2018-10-23 08:28:31 +0000  24353 bytes for ./assets/assets/images/logo.png
2018-10-23 08:28:31 +0000  copying file ./assets/assets/images/digital-india.png ... 
2018-10-23 08:28:31 +0000  12119 bytes for ./assets/assets/images/digital-india.png
2018-10-23 08:28:31 +0000  copying file ./Info.plist ... 
1781 bytes for ./Info.plist
copying file ./PkgInfo ... 
2018-10-23 08:28:31 +0000  8 bytes for ./PkgInfo
copying file ./MaterialIcons.ttf ... 
2018-10-23 08:28:31 +0000  128180 bytes for ./MaterialIcons.ttf
2018-10-23 08:28:31 +0000  /usr/bin/ditto exited with 0
2018-10-23 08:28:31 +0000  Processing step: IDEDistributionEmbedProfileStep
2018-10-23 08:28:31 +0000  Processing step: IDEDistributionItemRemovalStep
2018-10-23 08:28:31 +0000  Processing step: IDEDistributionAppThinningPlistStep
2018-10-23 08:28:31 +0000  Skipping step: IDEDistributionAppThinningPlistStep because it said so
2018-10-23 08:28:31 +0000  Processing step: IDEDistributionCompileBitcodeStep
2018-10-23 08:28:31 +0000  Skipping step: IDEDistributionCompileBitcodeStep because it said so
2018-10-23 08:28:31 +0000  Processing step: IDEDistributionCodeSlimmingStep
2018-10-23 08:28:31 +0000  Processing step: IDEDistributionCopyBCSymbolMapsStep
2018-10-23 08:28:31 +0000  Running /usr/bin/ditto '-V' '/Users/shreejeetpatil/Library/Developer/Xcode/Archives/2018-10-23/exun2018 23-10-18, 1.25 AM.xcarchive/BCSymbolMaps/51370C01-D34F-3CB1-9CC1-9435B756C26F.bcsymbolmap' '/var/folders/xc/y7f7d2qn1vs7qr0r73vlkbmh0000gn/T/XcodeDistPipeline.keA/Root/BCSymbolMaps/51370C01-D34F-3CB1-9CC1-9435B756C26F.bcsymbolmap'
2018-10-23 08:28:31 +0000  >>> Copying /Users/shreejeetpatil/Library/Developer/Xcode/Archives/2018-10-23/exun2018 23-10-18, 1.25 AM.xcarchive/BCSymbolMaps/51370C01-D34F-3CB1-9CC1-9435B756C26F.bcsymbolmap 
2018-10-23 08:28:31 +0000  copying file ./51370C01-D34F-3CB1-9CC1-9435B756C26F.bcsymbolmap ... 
2018-10-23 08:28:31 +0000  855405 bytes for ./51370C01-D34F-3CB1-9CC1-9435B756C26F.bcsymbolmap
2018-10-23 08:28:31 +0000  /usr/bin/ditto exited with 0
2018-10-23 08:28:31 +0000  Running /usr/bin/ditto '-V' '/Users/shreejeetpatil/Library/Developer/Xcode/Archives/2018-10-23/exun2018 23-10-18, 1.25 AM.xcarchive/BCSymbolMaps/A9E19EE3-BED4-3515-B904-9AA9CD6E3065.bcsymbolmap' '/var/folders/xc/y7f7d2qn1vs7qr0r73vlkbmh0000gn/T/XcodeDistPipeline.keA/Root/BCSymbolMaps/A9E19EE3-BED4-3515-B904-9AA9CD6E3065.bcsymbolmap'
2018-10-23 08:28:31 +0000  >>> Copying /Users/shreejeetpatil/Library/Developer/Xcode/Archives/2018-10-23/exun2018 23-10-18, 1.25 AM.xcarchive/BCSymbolMaps/A9E19EE3-BED4-3515-B904-9AA9CD6E3065.bcsymbolmap 
2018-10-23 08:28:31 +0000  copying file ./A9E19EE3-BED4-3515-B904-9AA9CD6E3065.bcsymbolmap ... 
2018-10-23 08:28:31 +0000  863357 bytes for ./A9E19EE3-BED4-3515-B904-9AA9CD6E3065.bcsymbolmap
2018-10-23 08:28:31 +0000  /usr/bin/ditto exited with 0
2018-10-23 08:28:31 +0000  Processing step: IDEDistributionSymbolsStep
2018-10-23 08:28:31 +0000  Excluding symbols for exun2018.app
2018-10-23 08:28:31 +0000  Processing step: IDEDistributionCopyAppleProvidedContentStep
2018-10-23 08:28:31 +0000  Processing step: IDEDistributionAppThinningStep
2018-10-23 08:28:31 +0000  Skipping step: IDEDistributionAppThinningStep because it said so
2018-10-23 08:28:31 +0000  Processing step: IDEDistributionODRStep
2018-10-23 08:28:31 +0000  Processing step: IDEDistributionStripXattrsStep
2018-10-23 08:28:31 +0000  Running /usr/bin/xattr '-crs' '/var/folders/xc/y7f7d2qn1vs7qr0r73vlkbmh0000gn/T/XcodeDistPipeline.keA/Root/Payload/exun2018.app'
2018-10-23 08:28:32 +0000  /usr/bin/xattr exited with 0
2018-10-23 08:28:32 +0000  Processing step: IDEDistributionCodesignStep
2018-10-23 08:28:32 +0000  Entitlements for <IDEDistributionItem: 0x7fcba63d4310 'com.exunclan.exun2018' '<DVTFilePath:0x7fcba56dc610:'/Users/shreejeetpatil/Library/Developer/Xcode/Archives/2018-10-23/exun2018 23-10-18, 1.25 AM.xcarchive/Products/Applications/exun2018.app'>'>: {
    "application-identifier" = "2PYNZAUK77.com.exunclan.exun2018";
    "aps-environment" = production;
    "beta-reports-active" = 1;
    "com.apple.developer.team-identifier" = 2PYNZAUK77;
    "get-task-allow" = 0;
}
2018-10-23 08:28:32 +0000  Writing entitlements for <IDEDistributionItem: 0x7fcba63d4310 'com.exunclan.exun2018' '<DVTFilePath:0x7fcba56dc610:'/Users/shreejeetpatil/Library/Developer/Xcode/Archives/2018-10-23/exun2018 23-10-18, 1.25 AM.xcarchive/Products/Applications/exun2018.app'>'> to: /var/folders/xc/y7f7d2qn1vs7qr0r73vlkbmh0000gn/T/XcodeDistPipeline.keA/entitlementsSN0pLl
2018-10-23 08:28:32 +0000  Running /usr/bin/codesign '-vvv' '--force' '--sign' 'FE244A0D97C030D6693248AA13B26A5B772117A3' '--entitlements' '/var/folders/xc/y7f7d2qn1vs7qr0r73vlkbmh0000gn/T/XcodeDistPipeline.keA/entitlementsSN0pLl' '--preserve-metadata=identifier,flags,runtime' '/var/folders/xc/y7f7d2qn1vs7qr0r73vlkbmh0000gn/T/XcodeDistPipeline.keA/Root/Payload/exun2018.app'
2018-10-23 08:28:42 +0000  /var/folders/xc/y7f7d2qn1vs7qr0r73vlkbmh0000gn/T/XcodeDistPipeline.keA/Root/Payload/exun2018.app: signed app bundle with Mach-O universal (armv7 arm64) [com.exunclan.exun2018]
2018-10-23 08:28:42 +0000  /usr/bin/codesign exited with 0
2018-10-23 08:28:42 +0000  Processing step: IDEDistributionZipODRItemStep
2018-10-23 08:28:42 +0000  Skipping step: IDEDistributionZipODRItemStep because it said so
2018-10-23 08:28:42 +0000  Processing step: IDEDistributionCreateIPAStep
2018-10-23 08:28:42 +0000  Running /usr/bin/ditto '-V' '-c' '-k' '--norsrc' '/var/folders/xc/y7f7d2qn1vs7qr0r73vlkbmh0000gn/T/XcodeDistPipeline.keA/Root' '/var/folders/xc/y7f7d2qn1vs7qr0r73vlkbmh0000gn/T/XcodeDistPipeline.keA/Packages/exun2018.ipa'
2018-10-23 08:28:42 +0000  >>> Copying /var/folders/xc/y7f7d2qn1vs7qr0r73vlkbmh0000gn/T/XcodeDistPipeline.keA/Root 
2018-10-23 08:28:42 +0000  copying file ./BCSymbolMaps/51370C01-D34F-3CB1-9CC1-9435B756C26F.bcsymbolmap ... 
2018-10-23 08:28:42 +0000  855405 bytes for ./BCSymbolMaps/51370C01-D34F-3CB1-9CC1-9435B756C26F.bcsymbolmap
copying file ./BCSymbolMaps/A9E19EE3-BED4-3515-B904-9AA9CD6E3065.bcsymbolmap ... 
2018-10-23 08:28:42 +0000  863357 bytes for ./BCSymbolMaps/A9E19EE3-BED4-3515-B904-9AA9CD6E3065.bcsymbolmap
2018-10-23 08:28:42 +0000  copying file ./Payload/exun2018.app/_CodeSignature/CodeResources ... 
12989 bytes for ./Payload/exun2018.app/_CodeSignature/CodeResources
copying file ./Payload/exun2018.app/Octicons.ttf ... 
2018-10-23 08:28:42 +0000  27440 bytes for ./Payload/exun2018.app/Octicons.ttf
2018-10-23 08:28:42 +0000  copying file ./Payload/exun2018.app/Feather.ttf ... 
2018-10-23 08:28:42 +0000  65112 bytes for ./Payload/exun2018.app/Feather.ttf
2018-10-23 08:28:42 +0000  copying file ./Payload/exun2018.app/AppIcon20x20@2x.png ... 
2164 bytes for ./Payload/exun2018.app/AppIcon20x20@2x.png
copying file ./Payload/exun2018.app/Entypo.ttf ... 
2018-10-23 08:28:42 +0000  65584 bytes for ./Payload/exun2018.app/Entypo.ttf
2018-10-23 08:28:42 +0000  copying file ./Payload/exun2018.app/AppIcon20x20@3x.png ... 
3700 bytes for ./Payload/exun2018.app/AppIcon20x20@3x.png
copying file ./Payload/exun2018.app/exun2018 ... 
2018-10-23 08:28:43 +0000  31829664 bytes for ./Payload/exun2018.app/exun2018
2018-10-23 08:28:43 +0000  copying file ./Payload/exun2018.app/FontAwesome5_Brands.ttf ... 
2018-10-23 08:28:43 +0000  118324 bytes for ./Payload/exun2018.app/FontAwesome5_Brands.ttf
2018-10-23 08:28:43 +0000  copying file ./Payload/exun2018.app/MaterialCommunityIcons.ttf ... 
2018-10-23 08:28:43 +0000  416816 bytes for ./Payload/exun2018.app/MaterialCommunityIcons.ttf
2018-10-23 08:28:43 +0000  copying file ./Payload/exun2018.app/AppIcon60x60@2x.png ... 
10226 bytes for ./Payload/exun2018.app/AppIcon60x60@2x.png
copying file ./Payload/exun2018.app/AppIcon29x29@2x.png ... 
3472 bytes for ./Payload/exun2018.app/AppIcon29x29@2x.png
copying file ./Payload/exun2018.app/AntDesign.ttf ... 
2018-10-23 08:28:43 +0000  70344 bytes for ./Payload/exun2018.app/AntDesign.ttf
2018-10-23 08:28:43 +0000  copying file ./Payload/exun2018.app/AppIcon40x40@3x.png ... 
10226 bytes for ./Payload/exun2018.app/AppIcon40x40@3x.png
copying file ./Payload/exun2018.app/Foundation.ttf ... 
2018-10-23 08:28:43 +0000  56976 bytes for ./Payload/exun2018.app/Foundation.ttf
copying file ./Payload/exun2018.app/Ionicons.ttf ... 
2018-10-23 08:28:43 +0000  112472 bytes for ./Payload/exun2018.app/Ionicons.ttf
copying file ./Payload/exun2018.app/FontAwesome5_Solid.ttf ... 
2018-10-23 08:28:43 +0000  180500 bytes for ./Payload/exun2018.app/FontAwesome5_Solid.ttf
2018-10-23 08:28:43 +0000  copying file ./Payload/exun2018.app/AppIcon40x40@2x.png ... 
5633 bytes for ./Payload/exun2018.app/AppIcon40x40@2x.png
copying file ./Payload/exun2018.app/FontAwesome5_Regular.ttf ... 
2018-10-23 08:28:43 +0000  40348 bytes for ./Payload/exun2018.app/FontAwesome5_Regular.ttf
2018-10-23 08:28:43 +0000  copying file ./Payload/exun2018.app/AppIcon29x29@3x.png ... 
6394 bytes for ./Payload/exun2018.app/AppIcon29x29@3x.png
copying file ./Payload/exun2018.app/AppIcon60x60@3x.png ... 
19644 bytes for ./Payload/exun2018.app/AppIcon60x60@3x.png
copying file ./Payload/exun2018.app/Base.lproj/LaunchScreen.nib ... 
1184 bytes for ./Payload/exun2018.app/Base.lproj/LaunchScreen.nib
copying file ./Payload/exun2018.app/FontAwesome.ttf ... 
2018-10-23 08:28:43 +0000  165548 bytes for ./Payload/exun2018.app/FontAwesome.ttf
2018-10-23 08:28:43 +0000  copying file ./Payload/exun2018.app/Zocial.ttf ... 
2018-10-23 08:28:43 +0000  25552 bytes for ./Payload/exun2018.app/Zocial.ttf
copying file ./Payload/exun2018.app/Assets.car ... 
2018-10-23 08:28:43 +0000  107896 bytes for ./Payload/exun2018.app/Assets.car
2018-10-23 08:28:43 +0000  copying file ./Payload/exun2018.app/EvilIcons.ttf ... 
13456 bytes for ./Payload/exun2018.app/EvilIcons.ttf
copying file ./Payload/exun2018.app/logo.png ... 
2018-10-23 08:28:43 +0000  32969 bytes for ./Payload/exun2018.app/logo.png
2018-10-23 08:28:43 +0000  copying file ./Payload/exun2018.app/main.jsbundle ... 
2018-10-23 08:28:43 +0000  1319327 bytes for ./Payload/exun2018.app/main.jsbundle
2018-10-23 08:28:43 +0000  copying file ./Payload/exun2018.app/SimpleLineIcons.ttf ... 
2018-10-23 08:28:43 +0000  54056 bytes for ./Payload/exun2018.app/SimpleLineIcons.ttf
2018-10-23 08:28:43 +0000  copying file ./Payload/exun2018.app/embedded.mobileprovision ... 
9544 bytes for ./Payload/exun2018.app/embedded.mobileprovision
copying file ./Payload/exun2018.app/assets/node_modules/react-navigation-stack/dist/views/assets/back-icon@3x.png ... 
761 bytes for ./Payload/exun2018.app/assets/node_modules/react-navigation-stack/dist/views/assets/back-icon@3x.png
copying file ./Payload/exun2018.app/assets/node_modules/react-navigation-stack/dist/views/assets/back-icon@2x.png ... 
405 bytes for ./Payload/exun2018.app/assets/node_modules/react-navigation-stack/dist/views/assets/back-icon@2x.png
copying file ./Payload/exun2018.app/assets/node_modules/react-navigation-stack/dist/views/assets/back-icon.png ... 
290 bytes for ./Payload/exun2018.app/assets/node_modules/react-navigation-stack/dist/views/assets/back-icon.png
copying file ./Payload/exun2018.app/assets/node_modules/react-navigation-stack/dist/views/assets/back-icon-mask.png ... 
2018-10-23 08:28:43 +0000  659 bytes for ./Payload/exun2018.app/assets/node_modules/react-navigation-stack/dist/views/assets/back-icon-mask.png
2018-10-23 08:28:43 +0000  copying file ./Payload/exun2018.app/assets/assets/images/athena.png ... 
2018-10-23 08:28:43 +0000  13460 bytes for ./Payload/exun2018.app/assets/assets/images/athena.png
2018-10-23 08:28:43 +0000  copying file ./Payload/exun2018.app/assets/assets/images/unirely.png ... 
2018-10-23 08:28:43 +0000  28702 bytes for ./Payload/exun2018.app/assets/assets/images/unirely.png
2018-10-23 08:28:43 +0000  copying file ./Payload/exun2018.app/assets/assets/images/logo.png ... 
24353 bytes for ./Payload/exun2018.app/assets/assets/images/logo.png
copying file ./Payload/exun2018.app/assets/assets/images/digital-india.png ... 
2018-10-23 08:28:43 +0000  12119 bytes for ./Payload/exun2018.app/assets/assets/images/digital-india.png
copying file ./Payload/exun2018.app/Info.plist ... 
2018-10-23 08:28:43 +0000  1781 bytes for ./Payload/exun2018.app/Info.plist
2018-10-23 08:28:43 +0000  copying file ./Payload/exun2018.app/PkgInfo ... 
8 bytes for ./Payload/exun2018.app/PkgInfo
copying file ./Payload/exun2018.app/MaterialIcons.ttf ... 
2018-10-23 08:28:43 +0000  128180 bytes for ./Payload/exun2018.app/MaterialIcons.ttf
2018-10-23 08:28:43 +0000  /usr/bin/ditto exited with 0
2018-10-23 08:28:43 +0000  Processing step: IDEDistributionAppStoreInformationStep
2018-10-23 08:28:43 +0000  Skipping step: IDEDistributionAppStoreInformationStep because it said so
2018-10-23 08:28:43 +0000  Processing step: IDEDistributionCreateManifestStep
2018-10-23 08:28:43 +0000  Skipping step: IDEDistributionCreateManifestStep because it said so
